<?xml version="1.0" encoding="UTF-8"?>
<testsuite name="io.bloom.hash.HashTest" tests="1" skipped="0" failures="0" errors="0" timestamp="2022-05-17T10:26:02" hostname="mbunderline76" time="1.752">
  <properties/>
  <testcase name="testTextFile()" classname="io.bloom.hash.HashTest" time="1.752"/>
  <system-out><![CDATA[]]></system-out>
  <system-err><![CDATA[]]></system-err>
</testsuite>
